null
null
null
null
{"username":"admin","password":"admin"}
{"username":"admin","password":"admin"}
{"username":"admin","password":"admin"}
{"username":"admin","password":"admin"}
{"username":"admin","password":"admin"}
{"username":"admin","password":"admin"}
{"username":"admin","password":"admin"}
{"username":"admin","password":"admin"}
{"username":"admin","password":"admin"}
null
null
null
null
null
null
null
null
null
null
null
{"action":"login","username":"admin","password":"admin"}
{"action":"login","username":"admin","password":"admin"}
{"action":"login","username":"admin","password":"admin"}
Raw Input: {
    "action": "login",
    "username": "admin",
    "password": "admin"
}
Decoded JSON: {"action":"login","username":"admin","password":"admin"}
Raw Input: {"action":"login","username":"admin","password":"admin"}
Decoded JSON: {"action":"login","username":"admin","password":"admin"}
Raw Input: {"action":"login","username":"admin","password":"admin"}
Decoded JSON: {"action":"login","username":"admin","password":"admin"}
Raw Input: {"action":"login","username":"arifachan","password":"123"}
Decoded JSON: {"action":"login","username":"arifachan","password":"123"}
Raw Input: {"action":"login","username":"admin","password":"admin"}
Decoded JSON: {"action":"login","username":"admin","password":"admin"}
Raw Input: {"action":"login","username":"arifachan","password":"123"}
Decoded JSON: {"action":"login","username":"arifachan","password":"123"}
Raw Input: {"action":"login","username":"prilly","password":"123"}
Decoded JSON: {"action":"login","username":"prilly","password":"123"}
Raw Input: {
    "action": "logout"
}
Decoded JSON: {"action":"logout"}
Raw Input: {
    "action": "login",
    "username": "arifachan",
    "password": "123"
}
Decoded JSON: {"action":"login","username":"arifachan","password":"123"}
Raw Input: {
    "action": "logout"
}
Decoded JSON: {"action":"logout"}
Raw Input: {
    "action": "login",
    "username": "arifachan",
    "password": "123"
}
Decoded JSON: {"action":"login","username":"arifachan","password":"123"}
Raw Input: {
    "action": "logout"
}
Decoded JSON: {"action":"logout"}
Raw Input: {
    "action": "login",
    "username": "arifachan",
    "password": "123"
}
Decoded JSON: {"action":"login","username":"arifachan","password":"123"}
Raw Input: {
    "action": "logout"
}
Decoded JSON: {"action":"logout"}
Raw Input: {
    "action": "login",
    "username": "admin",
    "password": "admin"
}
Decoded JSON: {"action":"login","username":"admin","password":"admin"}
Raw Input: {
    "action": "logout"
}
Decoded JSON: {"action":"logout"}
Raw Input: {
    "action": "login",
    "username": "arifachan",
    "password": "123"
}
Decoded JSON: {"action":"login","username":"arifachan","password":"123"}
Raw Input: {
    "action": "logout"
}
Decoded JSON: {"action":"logout"}
Raw Input: {
    "action": "login",
    "username": "admin",
    "password": "admin"
}
Decoded JSON: {"action":"login","username":"admin","password":"admin"}
Raw Input: {
    "action": "logout"
}
Decoded JSON: {"action":"logout"}
Raw Input: {
    "action": "login",
    "username": "arifachan",
    "password": "123"
}
Decoded JSON: {"action":"login","username":"arifachan","password":"123"}
Raw Input: {
    "action": "logout"
}
Decoded JSON: {"action":"logout"}
Raw Input: {
    "action": "login",
    "username": "admin",
    "password": "admin"
}
Decoded JSON: {"action":"login","username":"admin","password":"admin"}
Raw Input: {"action":"login","username":"admin","password":"admin"}
Decoded JSON: {"action":"login","username":"admin","password":"admin"}
Raw Input: {
    "action": "logout"
}
Decoded JSON: {"action":"logout"}
Raw Input: {
    "action": "login",
    "username": "arifachan",
    "password": "123"
}
Decoded JSON: {"action":"login","username":"arifachan","password":"123"}
Raw Input: {"action":"login","username":"fimel","password":"123"}
Decoded JSON: {"action":"login","username":"fimel","password":"123"}
Raw Input: {"action":"login","username":"admin","password":"admin"}
Decoded JSON: {"action":"login","username":"admin","password":"admin"}
Raw Input: {"action":"login","username":"admin","password":"admin"}
Decoded JSON: {"action":"login","username":"admin","password":"admin"}
Raw Input: {"action":"login","username":"admin","password":"admin"}
Decoded JSON: {"action":"login","username":"admin","password":"admin"}
Raw Input: {"action":"login","username":"admin","password":"admin"}
Decoded JSON: {"action":"login","username":"admin","password":"admin"}
Raw Input: {"action":"login","username":"admin","password":"admin"}
Decoded JSON: {"action":"login","username":"admin","password":"admin"}
Raw Input: {"action":"login","username":"admin","password":"balittriadm321"}
Decoded JSON: {"action":"login","username":"admin","password":"balittriadm321"}
Raw Input: {"action":"login","username":"admin","password":"balittriadm321"}
Decoded JSON: {"action":"login","username":"admin","password":"balittriadm321"}
Raw Input: {"action":"login","username":"admin","password":"admin"}
Decoded JSON: {"action":"login","username":"admin","password":"admin"}
Raw Input: {"action":"login","username":"admin","password":"admin"}
Decoded JSON: {"action":"login","username":"admin","password":"admin"}
Raw Input: {"action":"login","username":"admin","password":"admin"}
Decoded JSON: {"action":"login","username":"admin","password":"admin"}
Raw Input: {"action":"login","username":"admin","password":"admin"}
Decoded JSON: {"action":"login","username":"admin","password":"admin"}
Raw Input: {"action":"login","username":"admin","password":"admin"}
Decoded JSON: {"action":"login","username":"admin","password":"admin"}
Raw Input: {"action":"login","username":"admin","password":"admin"}
Decoded JSON: {"action":"login","username":"admin","password":"admin"}
Raw Input: {"action":"login","username":"admin","password":"admin"}
Decoded JSON: {"action":"login","username":"admin","password":"admin"}
Raw Input: {"action":"login","username":"arifachan","password":"123"}
Decoded JSON: {"action":"login","username":"arifachan","password":"123"}
Raw Input: {"action":"login","username":"arifachan","password":"123"}
Decoded JSON: {"action":"login","username":"arifachan","password":"123"}
Raw Input: {"action":"login","username":"admin","password":"admin"}
Decoded JSON: {"action":"login","username":"admin","password":"admin"}
Raw Input: {"action":"login","username":"admin","password":"admin"}
Decoded JSON: {"action":"login","username":"admin","password":"admin"}
Raw Input: {"action":"login","username":"admin","password":"admin"}
Decoded JSON: {"action":"login","username":"admin","password":"admin"}
Raw Input: {"action":"login","username":"admin","password":"admin"}
Decoded JSON: {"action":"login","username":"admin","password":"admin"}
Raw Input: {"action":"login","username":"admin","password":"admin"}
Decoded JSON: {"action":"login","username":"admin","password":"admin"}
Raw Input: {"action":"login","username":"admin","password":"admin"}
Decoded JSON: {"action":"login","username":"admin","password":"admin"}
Raw Input: {"action":"login","username":"admin","password":"admin"}
Decoded JSON: {"action":"login","username":"admin","password":"admin"}
Raw Input: {"action":"login","username":"arifachan","password":"123"}
Decoded JSON: {"action":"login","username":"arifachan","password":"123"}
Raw Input: {"action":"login","username":"arifachan","password":"123"}
Decoded JSON: {"action":"login","username":"arifachan","password":"123"}
Raw Input: {"action":"login","username":"prilly","password":"123"}
Decoded JSON: {"action":"login","username":"prilly","password":"123"}
Raw Input: {"action":"login","username":"admin","password":"admin"}
Decoded JSON: {"action":"login","username":"admin","password":"admin"}
Raw Input: {
    "action": "login",
    "username": "arifachan",
    "password": "123"
}
Decoded JSON: {"action":"login","username":"arifachan","password":"123"}
Raw Input: {
    "action": "logout"
}
Decoded JSON: {"action":"logout"}
Raw Input: {
    "action": "login",
    "username": "admin",
    "password": "admin"
}
Decoded JSON: {"action":"login","username":"admin","password":"admin"}
Raw Input: {
    "action": "login",
    "username": "arifachan",
    "password": "123"
}
Decoded JSON: {"action":"login","username":"arifachan","password":"123"}
Raw Input: {
    "action": "logout"
}
Decoded JSON: {"action":"logout"}
Raw Input: {"action":"login","username":"admin","password":"admin"}
Decoded JSON: {"action":"login","username":"admin","password":"admin"}
Raw Input: {"action":"login","username":"admin","password":"admin"}
Decoded JSON: {"action":"login","username":"admin","password":"admin"}
Raw Input: {"action":"login","username":"admin","password":"admin"}
Decoded JSON: {"action":"login","username":"admin","password":"admin"}
Raw Input: {"action":"login","username":"admin","password":"admin"}
Decoded JSON: {"action":"login","username":"admin","password":"admin"}
Raw Input: {
    "action": "login",
    "username": "admin",
    "password": "admin"
}
Decoded JSON: {"action":"login","username":"admin","password":"admin"}
Raw Input: {"action":"login","username":"admin","password":"admin"}
Decoded JSON: {"action":"login","username":"admin","password":"admin"}
Raw Input: {"action":"login","username":"admin","password":"admin"}
Decoded JSON: {"action":"login","username":"admin","password":"admin"}
Raw Input: {"action":"login","username":"arifachan","password":"123"}
Decoded JSON: {"action":"login","username":"arifachan","password":"123"}
Raw Input: {"action":"login","username":"fimel","password":"123"}
Decoded JSON: {"action":"login","username":"fimel","password":"123"}
Raw Input: {"action":"login","username":"admin","password":"admin"}
Decoded JSON: {"action":"login","username":"admin","password":"admin"}
Raw Input: {
    "action": "logout"
}
Decoded JSON: {"action":"logout"}
Raw Input: {
    "action": "login",
    "username": "arifachan",
    "password": "123"
}
Decoded JSON: {"action":"login","username":"arifachan","password":"123"}
Raw Input: {
    "action": "logout"
}
Decoded JSON: {"action":"logout"}
Raw Input: {"action":"login","username":"admin","password":"admin"}
Decoded JSON: {"action":"login","username":"admin","password":"admin"}
Raw Input: {"action":"login","username":"admin","password":"admin"}
Decoded JSON: {"action":"login","username":"admin","password":"admin"}
Raw Input: {"action":"login","username":"admin","password":"admin"}
Decoded JSON: {"action":"login","username":"admin","password":"admin"}
Raw Input: {"action":"login","username":"admin","password":"admin"}
Decoded JSON: {"action":"login","username":"admin","password":"admin"}
Raw Input: {"action":"login","username":"fimel","password":"fimel"}
Decoded JSON: {"action":"login","username":"fimel","password":"fimel"}
Raw Input: {"action":"login","username":"fimel","password":"123"}
Decoded JSON: {"action":"login","username":"fimel","password":"123"}
Raw Input: {"action":"login","username":"admin","password":"admin"}
Decoded JSON: {"action":"login","username":"admin","password":"admin"}
Raw Input: {"action":"login","username":"admin","password":"admin"}
Decoded JSON: {"action":"login","username":"admin","password":"admin"}
Raw Input: {"action":"login","username":"brandon","password":"123"}
Decoded JSON: {"action":"login","username":"brandon","password":"123"}
Raw Input: {"action":"login","username":"admin","password":"admin"}
Decoded JSON: {"action":"login","username":"admin","password":"admin"}
Raw Input: {"action":"login","username":"fimel","password":"123"}
Decoded JSON: {"action":"login","username":"fimel","password":"123"}
Raw Input: {"action":"login","username":"admin","password":"admin"}
Decoded JSON: {"action":"login","username":"admin","password":"admin"}
Raw Input: {"action":"login","username":"fimel","password":"123"}
Decoded JSON: {"action":"login","username":"fimel","password":"123"}
Raw Input: {"action":"login","username":"admin","password":"admin"}
Decoded JSON: {"action":"login","username":"admin","password":"admin"}
Raw Input: {"action":"login","username":"fimel","password":"123"}
Decoded JSON: {"action":"login","username":"fimel","password":"123"}
Raw Input: {"action":"login","username":"arifachan","password":"123"}
Decoded JSON: {"action":"login","username":"arifachan","password":"123"}
Raw Input: {"action":"login","username":"fimel","password":"123"}
Decoded JSON: {"action":"login","username":"fimel","password":"123"}
Raw Input: {"action":"login","username":"fimel","password":"123"}
Decoded JSON: {"action":"login","username":"fimel","password":"123"}
Raw Input: {"action":"login","username":"admin","password":"admin"}
Decoded JSON: {"action":"login","username":"admin","password":"admin"}
Raw Input: {"action":"login","username":"fimel","password":"123"}
Decoded JSON: {"action":"login","username":"fimel","password":"123"}
Raw Input: {"action":"login","username":"admin","password":"admin"}
Decoded JSON: {"action":"login","username":"admin","password":"admin"}
Raw Input: {"action":"login","username":"arifachan","password":"123"}
Decoded JSON: {"action":"login","username":"arifachan","password":"123"}
Raw Input: {"action":"login","username":"fimel","password":"123"}
Decoded JSON: {"action":"login","username":"fimel","password":"123"}
Raw Input: {"action":"login","username":"admin","password":"admin"}
Decoded JSON: {"action":"login","username":"admin","password":"admin"}
Raw Input: {"action":"login","username":"admin","password":"admin"}
Decoded JSON: {"action":"login","username":"admin","password":"admin"}
Raw Input: {"action":"login","username":"admin","password":"admin"}
Decoded JSON: {"action":"login","username":"admin","password":"admin"}
Raw Input: {"action":"login","username":"fimel","password":"123"}
Decoded JSON: {"action":"login","username":"fimel","password":"123"}
Raw Input: {"action":"login","username":"fimel","password":"123"}
Decoded JSON: {"action":"login","username":"fimel","password":"123"}
Raw Input: {"action":"login","username":"admin","password":"admin"}
Decoded JSON: {"action":"login","username":"admin","password":"admin"}
Raw Input: {"action":"login","username":"fimel","password":"123"}
Decoded JSON: {"action":"login","username":"fimel","password":"123"}
Raw Input: {"action":"login","username":"fimel","password":"123"}
Decoded JSON: {"action":"login","username":"fimel","password":"123"}
Raw Input: {"action":"login","username":"fimel","password":"123"}
Decoded JSON: {"action":"login","username":"fimel","password":"123"}
Raw Input: {"action":"login","username":"admin","password":"admin"}
Decoded JSON: {"action":"login","username":"admin","password":"admin"}
Raw Input: {"action":"login","username":"fimel","password":"123"}
Decoded JSON: {"action":"login","username":"fimel","password":"123"}
Raw Input: {"action":"login","username":"admin","password":"admin"}
Decoded JSON: {"action":"login","username":"admin","password":"admin"}
Raw Input: {"action":"login","username":"fimel","password":"123"}
Decoded JSON: {"action":"login","username":"fimel","password":"123"}
Raw Input: {"action":"login","username":"admin","password":"admin"}
Decoded JSON: {"action":"login","username":"admin","password":"admin"}
Raw Input: {"action":"login","username":"fimel","password":"123"}
Decoded JSON: {"action":"login","username":"fimel","password":"123"}
Raw Input: {"action":"login","username":"admin","password":"admin"}
Decoded JSON: {"action":"login","username":"admin","password":"admin"}
Raw Input: {"action":"login","username":"fimel","password":"123"}
Decoded JSON: {"action":"login","username":"fimel","password":"123"}
Raw Input: {"action":"login","username":"admin","password":"admin"}
Decoded JSON: {"action":"login","username":"admin","password":"admin"}
Raw Input: {"action":"login","username":"fimel","password":"123"}
Decoded JSON: {"action":"login","username":"fimel","password":"123"}
Raw Input: {"action":"login","username":"admin","password":"admin"}
Decoded JSON: {"action":"login","username":"admin","password":"admin"}
Raw Input: {"action":"login","username":"fimel","password":"123"}
Decoded JSON: {"action":"login","username":"fimel","password":"123"}
Raw Input: {"action":"login","username":"admin","password":"admin"}
Decoded JSON: {"action":"login","username":"admin","password":"admin"}
Raw Input: {"action":"login","username":"fimel","password":"123"}
Decoded JSON: {"action":"login","username":"fimel","password":"123"}
Raw Input: {"action":"login","username":"admin","password":"admin"}
Decoded JSON: {"action":"login","username":"admin","password":"admin"}
Raw Input: {"action":"login","username":"fimel","password":"123"}
Decoded JSON: {"action":"login","username":"fimel","password":"123"}
Raw Input: {"action":"login","username":"admin","password":"admin"}
Decoded JSON: {"action":"login","username":"admin","password":"admin"}
Raw Input: {"action":"login","username":"admin","password":"admin"}
Decoded JSON: {"action":"login","username":"admin","password":"admin"}
Raw Input: {"action":"login","username":"budi","password":"123"}
Decoded JSON: {"action":"login","username":"budi","password":"123"}
Raw Input: {"action":"login","username":"admin","password":"admin"}
Decoded JSON: {"action":"login","username":"admin","password":"admin"}
Raw Input: {"action":"login","username":"budi","password":"123"}
Decoded JSON: {"action":"login","username":"budi","password":"123"}
Raw Input: {"action":"login","username":"admin","password":"admin"}
Decoded JSON: {"action":"login","username":"admin","password":"admin"}
Raw Input: {"action":"login","username":"arifachan","password":"123"}
Decoded JSON: {"action":"login","username":"arifachan","password":"123"}
Raw Input: {"action":"login","username":"admin","password":"admin"}
Decoded JSON: {"action":"login","username":"admin","password":"admin"}
Raw Input: {"action":"login","username":"fimel","password":"123"}
Decoded JSON: {"action":"login","username":"fimel","password":"123"}
Raw Input: {"action":"login","username":"budi","password":"123"}
Decoded JSON: {"action":"login","username":"budi","password":"123"}
Raw Input: {"action":"login","username":"fimel","password":"123"}
Decoded JSON: {"action":"login","username":"fimel","password":"123"}
Raw Input: {"action":"login","username":"admin","password":"admin"}
Decoded JSON: {"action":"login","username":"admin","password":"admin"}
Raw Input: {"action":"login","username":"arifachan","password":"123"}
Decoded JSON: {"action":"login","username":"arifachan","password":"123"}
Raw Input: {"action":"login","username":"fimel","password":"123"}
Decoded JSON: {"action":"login","username":"fimel","password":"123"}
Raw Input: {"action":"login","username":"admin","password":"admin"}
Decoded JSON: {"action":"login","username":"admin","password":"admin"}
Raw Input: {"action":"login","username":"admin","password":"admin"}
Decoded JSON: {"action":"login","username":"admin","password":"admin"}
Raw Input: {"action":"login","username":"fimel","password":"123"}
Decoded JSON: {"action":"login","username":"fimel","password":"123"}
Raw Input: {"action":"login","username":"admin","password":"admin"}
Decoded JSON: {"action":"login","username":"admin","password":"admin"}
Raw Input: {"action":"login","username":"admin","password":"admin"}
Decoded JSON: {"action":"login","username":"admin","password":"admin"}
Raw Input: {"action":"login","username":"admin","password":"admin"}
Decoded JSON: {"action":"login","username":"admin","password":"admin"}
Raw Input: {"action":"login","username":"admin","password":"admin"}
Decoded JSON: {"action":"login","username":"admin","password":"admin"}
Raw Input: {"action":"login","username":"admin","password":"admin"}
Decoded JSON: {"action":"login","username":"admin","password":"admin"}
Raw Input: {"action":"login","username":"admin","password":"admin"}
Decoded JSON: {"action":"login","username":"admin","password":"admin"}
Raw Input: {"action":"login","username":"admin","password":"admin"}
Decoded JSON: {"action":"login","username":"admin","password":"admin"}
Raw Input: {"action":"login","username":"admin","password":"admin"}
Decoded JSON: {"action":"login","username":"admin","password":"admin"}
Raw Input: {"action":"login","username":"admin","password":"admin"}
Decoded JSON: {"action":"login","username":"admin","password":"admin"}
Raw Input: {"action":"login","username":"fimel","password":"123"}
Decoded JSON: {"action":"login","username":"fimel","password":"123"}
Raw Input: {"action":"login","username":"admin","password":"admin"}
Decoded JSON: {"action":"login","username":"admin","password":"admin"}
Raw Input: {"action":"login","username":"admin","password":"admin"}
Decoded JSON: {"action":"login","username":"admin","password":"admin"}
Raw Input: {"action":"login","username":"admin","password":"admin"}
Decoded JSON: {"action":"login","username":"admin","password":"admin"}
Raw Input: {"action":"login","username":"admin","password":"admin"}
Decoded JSON: {"action":"login","username":"admin","password":"admin"}
Raw Input: {"action":"login","username":"admin","password":"admin"}
Decoded JSON: {"action":"login","username":"admin","password":"admin"}
Raw Input: {"action":"login","username":"admin","password":"admin"}
Decoded JSON: {"action":"login","username":"admin","password":"admin"}
Raw Input: {"action":"login","username":"fimel","password":"123"}
Decoded JSON: {"action":"login","username":"fimel","password":"123"}
Raw Input: {"action":"login","username":"admin","password":"admin"}
Decoded JSON: {"action":"login","username":"admin","password":"admin"}
Raw Input: {"action":"login","username":"arifachan","password":"123"}
Decoded JSON: {"action":"login","username":"arifachan","password":"123"}
Raw Input: {"action":"login","username":"admin","password":"admin"}
Decoded JSON: {"action":"login","username":"admin","password":"admin"}
Raw Input: {"action":"login","username":"fimel","password":"123"}
Decoded JSON: {"action":"login","username":"fimel","password":"123"}
Raw Input: {"action":"login","username":"admin","password":"admin"}
Decoded JSON: {"action":"login","username":"admin","password":"admin"}
Raw Input: {"action":"login","username":"arifachan","password":"123"}
Decoded JSON: {"action":"login","username":"arifachan","password":"123"}
Raw Input: {"action":"login","username":"admin","password":"admin"}
Decoded JSON: {"action":"login","username":"admin","password":"admin"}
Raw Input: {"action":"login","username":"admin","password":"admin"}
Decoded JSON: {"action":"login","username":"admin","password":"admin"}
Raw Input: {"action":"login","username":"fimel","password":"123"}
Decoded JSON: {"action":"login","username":"fimel","password":"123"}
Raw Input: {"action":"login","username":"admin","password":"admin"}
Decoded JSON: {"action":"login","username":"admin","password":"admin"}
Raw Input: {"action":"login","username":"prilly","password":"123"}
Decoded JSON: {"action":"login","username":"prilly","password":"123"}
Raw Input: {"action":"login","username":"brandon","password":"123"}
Decoded JSON: {"action":"login","username":"brandon","password":"123"}
Raw Input: {"action":"login","username":"brandon","password":"123"}
Decoded JSON: {"action":"login","username":"brandon","password":"123"}
Raw Input: {"action":"login","username":"brandon","password":"123"}
Decoded JSON: {"action":"login","username":"brandon","password":"123"}
Raw Input: {"action":"login","username":"admin","password":"admin"}
Decoded JSON: {"action":"login","username":"admin","password":"admin"}
Raw Input: {"action":"login","username":"brandon","password":"123"}
Decoded JSON: {"action":"login","username":"brandon","password":"123"}
Raw Input: {"action":"login","username":"admin","password":"admin"}
Decoded JSON: {"action":"login","username":"admin","password":"admin"}
Raw Input: {"action":"login","username":"admin","password":"admin"}
Decoded JSON: {"action":"login","username":"admin","password":"admin"}
Raw Input: {"action":"login","username":"budi","password":"123"}
Decoded JSON: {"action":"login","username":"budi","password":"123"}
Raw Input: {"action":"login","username":"brandon","password":"123"}
Decoded JSON: {"action":"login","username":"brandon","password":"123"}
Raw Input: {"action":"login","username":"arifachan","password":"123"}
Decoded JSON: {"action":"login","username":"arifachan","password":"123"}
Raw Input: {"action":"login","username":"admin","password":"admin"}
Decoded JSON: {"action":"login","username":"admin","password":"admin"}
Raw Input: {"action":"login","username":"admin","password":"admin"}
Decoded JSON: {"action":"login","username":"admin","password":"admin"}
Raw Input: {"action":"login","username":"fimel","password":"123"}
Decoded JSON: {"action":"login","username":"fimel","password":"123"}
Raw Input: {"action":"login","username":"admin","password":"admin"}
Decoded JSON: {"action":"login","username":"admin","password":"admin"}
Raw Input: {"action":"login","username":"brandon","password":"123"}
Decoded JSON: {"action":"login","username":"brandon","password":"123"}
Raw Input: {"action":"login","username":"admin","password":"admin"}
Decoded JSON: {"action":"login","username":"admin","password":"admin"}
Raw Input: {"action":"login","username":"brandon","password":"123"}
Decoded JSON: {"action":"login","username":"brandon","password":"123"}
Raw Input: {"action":"login","username":"admin","password":"admin"}
Decoded JSON: {"action":"login","username":"admin","password":"admin"}
Raw Input: {"action":"login","username":"brandon","password":"123"}
Decoded JSON: {"action":"login","username":"brandon","password":"123"}
Raw Input: {"action":"login","username":"admin","password":"admin"}
Decoded JSON: {"action":"login","username":"admin","password":"admin"}
Raw Input: {"action":"login","username":"arifachan","password":"123"}
Decoded JSON: {"action":"login","username":"arifachan","password":"123"}
Raw Input: {"action":"login","username":"admin","password":"admin"}
Decoded JSON: {"action":"login","username":"admin","password":"admin"}
Raw Input: {"action":"login","username":"prilly","password":"123"}
Decoded JSON: {"action":"login","username":"prilly","password":"123"}
Raw Input: {"action":"login","username":"admin","password":"admin"}
Decoded JSON: {"action":"login","username":"admin","password":"admin"}
Raw Input: {"action":"login","username":"fimel","password":"123"}
Decoded JSON: {"action":"login","username":"fimel","password":"123"}
Raw Input: {"action":"login","username":"arifachan","password":"123"}
Decoded JSON: {"action":"login","username":"arifachan","password":"123"}
Raw Input: {"action":"login","username":"arifachan","password":"123"}
Decoded JSON: {"action":"login","username":"arifachan","password":"123"}
Raw Input: {"action":"login","username":"admin","password":"admin"}
Decoded JSON: {"action":"login","username":"admin","password":"admin"}
Raw Input: {"action":"login","username":"admin","password":"admin"}
Decoded JSON: {"action":"login","username":"admin","password":"admin"}
Raw Input: {"action":"login","username":"arifachan","password":"123"}
Decoded JSON: {"action":"login","username":"arifachan","password":"123"}
Raw Input: {"action":"login","username":"admin","password":"admin"}
Decoded JSON: {"action":"login","username":"admin","password":"admin"}
Raw Input: {
    "action": "login",
    "username": "arifachan",
    "password": "123"
}
Decoded JSON: {"action":"login","username":"arifachan","password":"123"}
Raw Input: {"action":"login","username":"admin","password":"admin"}
Decoded JSON: {"action":"login","username":"admin","password":"admin"}
Raw Input: {
    "action": "logout"
}
Decoded JSON: {"action":"logout"}
Raw Input: {"action":"login","username":"arifachan","password":"123"}
Decoded JSON: {"action":"login","username":"arifachan","password":"123"}
Raw Input: {"action":"login","username":"admin","password":"admin"}
Decoded JSON: {"action":"login","username":"admin","password":"admin"}
Raw Input: {"action":"login","username":"arifachan","password":"123"}
Decoded JSON: {"action":"login","username":"arifachan","password":"123"}
Raw Input: {
    "action": "login",
    "username": "admin",
    "password": "admin"
}
Decoded JSON: {"action":"login","username":"admin","password":"admin"}
Raw Input: {
    "action": "login",
    "username": "arifachan",
    "password": "123"
}
Decoded JSON: {"action":"login","username":"arifachan","password":"123"}
Raw Input: {
    "action": "logout"
}
Decoded JSON: {"action":"logout"}
Raw Input: {"action":"login","username":"prilly","password":"123"}
Decoded JSON: {"action":"login","username":"prilly","password":"123"}
Raw Input: {"action":"login","username":"admin","password":"admin"}
Decoded JSON: {"action":"login","username":"admin","password":"admin"}
Raw Input: {"action":"login","username":"prilly","password":"123"}
Decoded JSON: {"action":"login","username":"prilly","password":"123"}
Raw Input: {"action":"login","username":"admin","password":"admin"}
Decoded JSON: {"action":"login","username":"admin","password":"admin"}
Raw Input: {"action":"login","username":"prilly","password":"123"}
Decoded JSON: {"action":"login","username":"prilly","password":"123"}
Raw Input: {
    "action": "logout"
}
Decoded JSON: {"action":"logout"}
Raw Input: {"action":"login","username":"admin","password":"admin"}
Decoded JSON: {"action":"login","username":"admin","password":"admin"}
Raw Input: {"action":"login","username":"admin","password":"balittriadm321"}
Decoded JSON: {"action":"login","username":"admin","password":"balittriadm321"}
Raw Input: {"action":"login","username":"admin","password":"admin"}
Decoded JSON: {"action":"login","username":"admin","password":"admin"}
Raw Input: {"action":"login","username":"arifachan","password":"123"}
Decoded JSON: {"action":"login","username":"arifachan","password":"123"}
Raw Input: {
    "action": "login",
    "username": "admin",
    "password": "admin"
}
Decoded JSON: {"action":"login","username":"admin","password":"admin"}
Raw Input: {
    "action": "login",
    "username": "arifachan",
    "password": "123"
}
Decoded JSON: {"action":"login","username":"arifachan","password":"123"}
Raw Input: {
    "action": "logout"
}
Decoded JSON: {"action":"logout"}
Raw Input: {
    "action": "login",
    "username": "admin",
    "password": "admin123"
}
Decoded JSON: {"action":"login","username":"admin","password":"admin123"}
Raw Input: {
    "action": "login",
    "username": "admin",
    "password": "admin"
}
Decoded JSON: {"action":"login","username":"admin","password":"admin"}
Raw Input: {
    "action": "logout"
}
Decoded JSON: {"action":"logout"}
Raw Input: {
    "action": "login",
    "username": "arifachan",
    "password": "123"
}
Decoded JSON: {"action":"login","username":"arifachan","password":"123"}
Raw Input: {
    "action": "login",
    "username": "admin",
    "password": "admin"
}
Decoded JSON: {"action":"login","username":"admin","password":"admin"}
Raw Input: {
    "action": "login",
    "username": "arifachan",
    "password": "123"
}
Decoded JSON: {"action":"login","username":"arifachan","password":"123"}
Raw Input: {
    "action": "logout"
}
Decoded JSON: {"action":"logout"}
Raw Input: {
    "action": "login",
    "username": "admin",
    "password": "admin"
}
Decoded JSON: {"action":"login","username":"admin","password":"admin"}
Raw Input: {
    "action": "login",
    "username": "arifachan",
    "password": "123"
}
Decoded JSON: {"action":"login","username":"arifachan","password":"123"}
Raw Input: {
    "action": "logout"
}
Decoded JSON: {"action":"logout"}
Raw Input: {"action":"login","username":"admin","password":"admin"}
Decoded JSON: {"action":"login","username":"admin","password":"admin"}
Raw Input: {"action":"login","username":"admin","password":"admin"}
Decoded JSON: {"action":"login","username":"admin","password":"admin"}
Raw Input: {"action":"login","username":"admin","password":"admin"}
Decoded JSON: {"action":"login","username":"admin","password":"admin"}
Raw Input: {"action":"login","username":"admin","password":"admin"}
Decoded JSON: {"action":"login","username":"admin","password":"admin"}
Raw Input: {"action":"login","username":"admin","password":"admin"}
Decoded JSON: {"action":"login","username":"admin","password":"admin"}
Raw Input: {"action":"login","username":"arifachan","password":"123"}
Decoded JSON: {"action":"login","username":"arifachan","password":"123"}
Raw Input: {"action":"login","username":"admin","password":"admin"}
Decoded JSON: {"action":"login","username":"admin","password":"admin"}
Raw Input: {"action":"login","username":"fimel","password":"123"}
Decoded JSON: {"action":"login","username":"fimel","password":"123"}
Raw Input: {"action":"login","username":"fimel","password":"123"}
Decoded JSON: {"action":"login","username":"fimel","password":"123"}
Raw Input: {"action":"login","username":"fimel","password":"123"}
Decoded JSON: {"action":"login","username":"fimel","password":"123"}
Raw Input: {"action":"login","username":"admin","password":"admin"}
Decoded JSON: {"action":"login","username":"admin","password":"admin"}
Raw Input: {"action":"login","username":"admin","password":"admin"}
Decoded JSON: {"action":"login","username":"admin","password":"admin"}
Raw Input: {"action":"login","username":"arifachan","password":"123"}
Decoded JSON: {"action":"login","username":"arifachan","password":"123"}
Raw Input: {"action":"login","username":"admin","password":"admin"}
Decoded JSON: {"action":"login","username":"admin","password":"admin"}
Raw Input: {"action":"login","username":"admin","password":"admin"}
Decoded JSON: {"action":"login","username":"admin","password":"admin"}
Raw Input: {"action":"login","username":"admin","password":"admin"}
Decoded JSON: {"action":"login","username":"admin","password":"admin"}
Raw Input: {"action":"login","username":"admin","password":"admin"}
Decoded JSON: {"action":"login","username":"admin","password":"admin"}
Raw Input: {"action":"login","username":"admin","password":"admin"}
Decoded JSON: {"action":"login","username":"admin","password":"admin"}
Raw Input: {"action":"login","username":"arifachan","password":"123"}
Decoded JSON: {"action":"login","username":"arifachan","password":"123"}
Raw Input: {"action":"login","username":"fimel","password":"123"}
Decoded JSON: {"action":"login","username":"fimel","password":"123"}
Raw Input: {"action":"login","username":"arifachan","password":"123"}
Decoded JSON: {"action":"login","username":"arifachan","password":"123"}
Raw Input: {"action":"login","username":"admin","password":"admin"}
Decoded JSON: {"action":"login","username":"admin","password":"admin"}
Raw Input: {"action":"login","username":"admin","password":"admin"}
Decoded JSON: {"action":"login","username":"admin","password":"admin"}
Raw Input: {"action":"login","username":"arif","password":"123"}
Decoded JSON: {"action":"login","username":"arif","password":"123"}
Raw Input: {"action":"login","username":"admin","password":"admin"}
Decoded JSON: {"action":"login","username":"admin","password":"admin"}
Raw Input: {"action":"login","username":"arif","password":"123"}
Decoded JSON: {"action":"login","username":"arif","password":"123"}
Raw Input: {"action":"login","username":"admin","password":"admin"}
Decoded JSON: {"action":"login","username":"admin","password":"admin"}
Raw Input: {"action":"login","username":"arif","password":"123"}
Decoded JSON: {"action":"login","username":"arif","password":"123"}
Raw Input: {"action":"login","username":"fimel","password":"123"}
Decoded JSON: {"action":"login","username":"fimel","password":"123"}
Raw Input: {"action":"login","username":"admin","password":"admin"}
Decoded JSON: {"action":"login","username":"admin","password":"admin"}
Raw Input: {"action":"login","username":"admin","password":"admin"}
Decoded JSON: {"action":"login","username":"admin","password":"admin"}
Raw Input: {"action":"login","username":"admin","password":"admin"}
Decoded JSON: {"action":"login","username":"admin","password":"admin"}
Raw Input: {"action":"login","username":"arif","password":"123"}
Decoded JSON: {"action":"login","username":"arif","password":"123"}
Raw Input: {"action":"login","username":"admin","password":"admin","captcha":"23"}
Decoded JSON: {"action":"login","username":"admin","password":"admin","captcha":"23"}
Raw Input: {"action":"login","username":"admin","password":"admin","captcha":"23"}
Decoded JSON: {"action":"login","username":"admin","password":"admin","captcha":"23"}
Raw Input: {"action":"login","username":"admin","password":"admin","captcha":"vn54t2"}
Decoded JSON: {"action":"login","username":"admin","password":"admin","captcha":"vn54t2"}
Raw Input: {"action":"login","username":"admin","password":"admin","captcha":"nxquh4"}
Decoded JSON: {"action":"login","username":"admin","password":"admin","captcha":"nxquh4"}
Raw Input: {"action":"login","username":"arifachan","password":"123","captcha":"429x8q"}
Decoded JSON: {"action":"login","username":"arifachan","password":"123","captcha":"429x8q"}
Raw Input: {"action":"login","username":"arifachan","password":"123","captcha":"429x8y"}
Decoded JSON: {"action":"login","username":"arifachan","password":"123","captcha":"429x8y"}
Raw Input: {"action":"login","username":"fimel","password":"123","captcha":"7raxsj"}
Decoded JSON: {"action":"login","username":"fimel","password":"123","captcha":"7raxsj"}
Raw Input: {"action":"login","username":"fimel","password":"123","captcha":"7raxsj"}
Decoded JSON: {"action":"login","username":"fimel","password":"123","captcha":"7raxsj"}
Raw Input: {"action":"login","username":"fimel","password":"123","captcha":"7raxsj"}
Decoded JSON: {"action":"login","username":"fimel","password":"123","captcha":"7raxsj"}
Raw Input: {"action":"login","username":"fimel","password":"123","captcha":"7raxsj"}
Decoded JSON: {"action":"login","username":"fimel","password":"123","captcha":"7raxsj"}
Raw Input: {"action":"login","username":"fimel","password":"123","captcha":"d1z0sv"}
Decoded JSON: {"action":"login","username":"fimel","password":"123","captcha":"d1z0sv"}
Raw Input: {"action":"login","username":"fimel","password":"123","captcha":"d1z0sv"}
Decoded JSON: {"action":"login","username":"fimel","password":"123","captcha":"d1z0sv"}
Raw Input: {"action":"login","username":"fimel","password":"123","captcha":"tx8uql"}
Decoded JSON: {"action":"login","username":"fimel","password":"123","captcha":"tx8uql"}
Raw Input: {"action":"login","username":"fimel","password":"123","captcha":"40f6zb"}
Decoded JSON: {"action":"login","username":"fimel","password":"123","captcha":"40f6zb"}
Raw Input: {"action":"login","username":"prilly","password":"123","captcha":"cn3h62"}
Decoded JSON: {"action":"login","username":"prilly","password":"123","captcha":"cn3h62"}
Raw Input: {"action":"login","username":"admin","password":"admin","captcha":"ova38e"}
Decoded JSON: {"action":"login","username":"admin","password":"admin","captcha":"ova38e"}
Raw Input: {"action":"login","username":"muspik","password":"123","captcha":"5bryc1"}
Decoded JSON: {"action":"login","username":"muspik","password":"123","captcha":"5bryc1"}
Raw Input: {"action":"login","username":"admin","password":"admin","captcha":"Y6zvR3"}
Decoded JSON: {"action":"login","username":"admin","password":"admin","captcha":"Y6zvR3"}
Raw Input: {"action":"login","username":"fimel","password":"123","captcha":"RcBfLa"}
Decoded JSON: {"action":"login","username":"fimel","password":"123","captcha":"RcBfLa"}
